{"/Users/adonaipinheiro/Documents/Github/fiap-ds/src/DS/colors/index.ts": {"path":"/Users/adonaipinheiro/Documents/Github/fiap-ds/src/DS/colors/index.ts","all":false,"statementMap":{"0":{"start":{"line":1,"column":0},"end":{"line":1,"column":26}},"1":{"start":{"line":2,"column":0},"end":{"line":2,"column":12}},"2":{"start":{"line":3,"column":0},"end":{"line":3,"column":19}},"3":{"start":{"line":4,"column":0},"end":{"line":4,"column":19}},"4":{"start":{"line":5,"column":0},"end":{"line":5,"column":19}},"5":{"start":{"line":6,"column":0},"end":{"line":6,"column":18}},"6":{"start":{"line":7,"column":0},"end":{"line":7,"column":4}},"7":{"start":{"line":8,"column":0},"end":{"line":8,"column":16}},"8":{"start":{"line":9,"column":0},"end":{"line":9,"column":16}},"9":{"start":{"line":10,"column":0},"end":{"line":10,"column":10}},"10":{"start":{"line":11,"column":0},"end":{"line":11,"column":19}},"11":{"start":{"line":12,"column":0},"end":{"line":12,"column":3}},"12":{"start":{"line":13,"column":0},"end":{"line":13,"column":1}}},"s":{"0":1,"1":1,"2":1,"3":1,"4":1,"5":1,"6":1,"7":1,"8":1,"9":1,"10":1,"11":1,"12":1},"branchMap":{},"b":{},"fnMap":{},"f":{}}
,"/Users/adonaipinheiro/Documents/Github/fiap-ds/src/DS/components/Button/index.tsx": {"path":"/Users/adonaipinheiro/Documents/Github/fiap-ds/src/DS/components/Button/index.tsx","all":false,"statementMap":{"0":{"start":{"line":1,"column":0},"end":{"line":1,"column":37}},"4":{"start":{"line":5,"column":0},"end":{"line":5,"column":27}},"5":{"start":{"line":6,"column":0},"end":{"line":6,"column":12}},"6":{"start":{"line":7,"column":0},"end":{"line":7,"column":11}},"7":{"start":{"line":8,"column":0},"end":{"line":8,"column":11}},"8":{"start":{"line":9,"column":0},"end":{"line":9,"column":8}},"9":{"start":{"line":10,"column":0},"end":{"line":10,"column":10}},"10":{"start":{"line":11,"column":0},"end":{"line":11,"column":20}},"11":{"start":{"line":12,"column":0},"end":{"line":12,"column":10}},"12":{"start":{"line":13,"column":0},"end":{"line":13,"column":40}},"13":{"start":{"line":14,"column":0},"end":{"line":14,"column":67}},"14":{"start":{"line":15,"column":0},"end":{"line":15,"column":41}},"15":{"start":{"line":16,"column":0},"end":{"line":16,"column":70}},"16":{"start":{"line":17,"column":0},"end":{"line":17,"column":16}},"18":{"start":{"line":19,"column":0},"end":{"line":19,"column":1}}},"s":{"0":1,"4":1,"5":4,"6":4,"7":4,"8":4,"9":4,"10":4,"11":4,"12":4,"13":4,"14":4,"15":4,"16":4,"18":4},"branchMap":{"0":{"type":"branch","line":5,"loc":{"start":{"line":5,"column":7},"end":{"line":19,"column":1}},"locations":[{"start":{"line":5,"column":7},"end":{"line":19,"column":1}}]},"1":{"type":"branch","line":14,"loc":{"start":{"line":14,"column":7},"end":{"line":14,"column":67}},"locations":[{"start":{"line":14,"column":7},"end":{"line":14,"column":67}}]},"2":{"type":"branch","line":16,"loc":{"start":{"line":16,"column":7},"end":{"line":16,"column":70}},"locations":[{"start":{"line":16,"column":7},"end":{"line":16,"column":70}}]}},"b":{"0":[4],"1":[1],"2":[1]},"fnMap":{"0":{"name":"DS_Button","decl":{"start":{"line":5,"column":7},"end":{"line":19,"column":1}},"loc":{"start":{"line":5,"column":7},"end":{"line":19,"column":1}},"line":5}},"f":{"0":4}}
,"/Users/adonaipinheiro/Documents/Github/fiap-ds/src/DS/components/Button/styles.ts": {"path":"/Users/adonaipinheiro/Documents/Github/fiap-ds/src/DS/components/Button/styles.ts","all":false,"statementMap":{"0":{"start":{"line":1,"column":0},"end":{"line":1,"column":48}},"5":{"start":{"line":6,"column":0},"end":{"line":6,"column":55}},"13":{"start":{"line":14,"column":0},"end":{"line":14,"column":24}},"14":{"start":{"line":15,"column":0},"end":{"line":15,"column":28}},"15":{"start":{"line":16,"column":0},"end":{"line":16,"column":34}},"18":{"start":{"line":19,"column":0},"end":{"line":19,"column":46}},"19":{"start":{"line":20,"column":0},"end":{"line":20,"column":48}},"21":{"start":{"line":22,"column":0},"end":{"line":22,"column":50}},"23":{"start":{"line":24,"column":0},"end":{"line":24,"column":4}},"25":{"start":{"line":26,"column":0},"end":{"line":26,"column":46}},"26":{"start":{"line":27,"column":0},"end":{"line":27,"column":48}},"27":{"start":{"line":28,"column":0},"end":{"line":28,"column":61}},"29":{"start":{"line":30,"column":0},"end":{"line":30,"column":50}},"31":{"start":{"line":32,"column":0},"end":{"line":32,"column":4}}},"s":{"0":1,"5":1,"13":1,"14":1,"15":1,"18":1,"19":2,"21":2,"23":1,"25":1,"26":2,"27":2,"29":2,"31":1},"branchMap":{"0":{"type":"branch","line":19,"loc":{"start":{"line":19,"column":4},"end":{"line":22,"column":50}},"locations":[{"start":{"line":19,"column":4},"end":{"line":22,"column":50}}]},"1":{"type":"branch","line":19,"loc":{"start":{"line":19,"column":29},"end":{"line":22,"column":50}},"locations":[{"start":{"line":19,"column":29},"end":{"line":22,"column":50}}]},"2":{"type":"branch","line":26,"loc":{"start":{"line":26,"column":4},"end":{"line":30,"column":50}},"locations":[{"start":{"line":26,"column":4},"end":{"line":30,"column":50}}]},"3":{"type":"branch","line":26,"loc":{"start":{"line":26,"column":29},"end":{"line":30,"column":50}},"locations":[{"start":{"line":26,"column":29},"end":{"line":30,"column":50}}]}},"b":{"0":[4],"1":[2],"2":[4],"3":[2]},"fnMap":{"0":{"name":"Object.defineProperty.enumerable","decl":{"start":{"line":19,"column":4},"end":{"line":22,"column":50}},"loc":{"start":{"line":19,"column":4},"end":{"line":22,"column":50}},"line":19}},"f":{"0":4}}
,"/Users/adonaipinheiro/Documents/Github/fiap-ds/src/DS/spacing/index.ts": {"path":"/Users/adonaipinheiro/Documents/Github/fiap-ds/src/DS/spacing/index.ts","all":false,"statementMap":{"0":{"start":{"line":1,"column":0},"end":{"line":1,"column":27}},"1":{"start":{"line":2,"column":0},"end":{"line":2,"column":12}},"2":{"start":{"line":3,"column":0},"end":{"line":3,"column":12}},"3":{"start":{"line":4,"column":0},"end":{"line":4,"column":12}},"4":{"start":{"line":5,"column":0},"end":{"line":5,"column":13}},"5":{"start":{"line":6,"column":0},"end":{"line":6,"column":12}},"6":{"start":{"line":7,"column":0},"end":{"line":7,"column":1}}},"s":{"0":1,"1":1,"2":1,"3":1,"4":1,"5":1,"6":1},"branchMap":{},"b":{},"fnMap":{},"f":{}}
,"/Users/adonaipinheiro/Documents/Github/fiap-ds/src/DS/typography/index.ts": {"path":"/Users/adonaipinheiro/Documents/Github/fiap-ds/src/DS/typography/index.ts","all":false,"statementMap":{"0":{"start":{"line":1,"column":0},"end":{"line":1,"column":23}}},"s":{"0":1},"branchMap":{},"b":{},"fnMap":{},"f":{}}
,"/Users/adonaipinheiro/Documents/Github/fiap-ds/src/DS/typography/button/index.tsx": {"path":"/Users/adonaipinheiro/Documents/Github/fiap-ds/src/DS/typography/button/index.tsx","all":false,"statementMap":{"0":{"start":{"line":1,"column":0},"end":{"line":1,"column":42}},"3":{"start":{"line":4,"column":0},"end":{"line":4,"column":61}},"4":{"start":{"line":5,"column":0},"end":{"line":5,"column":49}},"5":{"start":{"line":6,"column":0},"end":{"line":6,"column":1}}},"s":{"0":1,"3":1,"4":4,"5":4},"branchMap":{"0":{"type":"branch","line":4,"loc":{"start":{"line":4,"column":7},"end":{"line":6,"column":1}},"locations":[{"start":{"line":4,"column":7},"end":{"line":6,"column":1}}]}},"b":{"0":[4]},"fnMap":{"0":{"name":"ButtonTypo","decl":{"start":{"line":4,"column":7},"end":{"line":6,"column":1}},"loc":{"start":{"line":4,"column":7},"end":{"line":6,"column":1}},"line":4}},"f":{"0":4}}
,"/Users/adonaipinheiro/Documents/Github/fiap-ds/src/DS/typography/button/styles.ts": {"path":"/Users/adonaipinheiro/Documents/Github/fiap-ds/src/DS/typography/button/styles.ts","all":false,"statementMap":{"0":{"start":{"line":1,"column":0},"end":{"line":1,"column":39}},"2":{"start":{"line":3,"column":0},"end":{"line":3,"column":40}}},"s":{"0":1,"2":1},"branchMap":{},"b":{},"fnMap":{},"f":{}}
,"/Users/adonaipinheiro/Documents/Github/fiap-ds/src/DS/typography/h1/index.tsx": {"path":"/Users/adonaipinheiro/Documents/Github/fiap-ds/src/DS/typography/h1/index.tsx","all":false,"statementMap":{"0":{"start":{"line":1,"column":0},"end":{"line":1,"column":42}},"3":{"start":{"line":4,"column":0},"end":{"line":4,"column":53}},"4":{"start":{"line":5,"column":0},"end":{"line":5,"column":41}},"5":{"start":{"line":6,"column":0},"end":{"line":6,"column":1}}},"s":{"0":1,"3":1,"4":0,"5":0},"branchMap":{},"b":{},"fnMap":{"0":{"name":"H1","decl":{"start":{"line":4,"column":7},"end":{"line":6,"column":1}},"loc":{"start":{"line":4,"column":7},"end":{"line":6,"column":1}},"line":4}},"f":{"0":0}}
,"/Users/adonaipinheiro/Documents/Github/fiap-ds/src/DS/typography/h1/styles.ts": {"path":"/Users/adonaipinheiro/Documents/Github/fiap-ds/src/DS/typography/h1/styles.ts","all":false,"statementMap":{"0":{"start":{"line":1,"column":0},"end":{"line":1,"column":39}},"2":{"start":{"line":3,"column":0},"end":{"line":3,"column":34}}},"s":{"0":1,"2":1},"branchMap":{},"b":{},"fnMap":{},"f":{}}
,"/Users/adonaipinheiro/Documents/Github/fiap-ds/src/DS/typography/p/index.tsx": {"path":"/Users/adonaipinheiro/Documents/Github/fiap-ds/src/DS/typography/p/index.tsx","all":false,"statementMap":{"0":{"start":{"line":1,"column":0},"end":{"line":1,"column":42}},"3":{"start":{"line":4,"column":0},"end":{"line":4,"column":52}},"4":{"start":{"line":5,"column":0},"end":{"line":5,"column":39}},"5":{"start":{"line":6,"column":0},"end":{"line":6,"column":1}}},"s":{"0":1,"3":1,"4":0,"5":0},"branchMap":{},"b":{},"fnMap":{"0":{"name":"P","decl":{"start":{"line":4,"column":7},"end":{"line":6,"column":1}},"loc":{"start":{"line":4,"column":7},"end":{"line":6,"column":1}},"line":4}},"f":{"0":0}}
,"/Users/adonaipinheiro/Documents/Github/fiap-ds/src/DS/typography/p/styles.ts": {"path":"/Users/adonaipinheiro/Documents/Github/fiap-ds/src/DS/typography/p/styles.ts","all":false,"statementMap":{"0":{"start":{"line":1,"column":0},"end":{"line":1,"column":39}},"2":{"start":{"line":3,"column":0},"end":{"line":3,"column":35}}},"s":{"0":1,"2":1},"branchMap":{},"b":{},"fnMap":{},"f":{}}
}
